<?xml version="1.0" encoding="UTF-8"?>
<!-- Generated by org.testng.reporters.JUnitXMLReporter -->
<testsuite ignored="0" hostname="DRUMNADROCHIT" failures="0" tests="4" name="Default test" time="8.568" errors="0" timestamp="2021-02-22T22:41:32 CET">
  <testcase classname="login.TestLoginChrome_IT" name="testEmptyPassword" time="0.33"/>
  <testcase classname="login.TestLoginChrome_IT" name="testEmptyUsername" time="0.169"/>
  <testcase classname="login.TestLoginChrome_IT" name="testUsernameWithMissingDomain" time="0.281"/>
  <testcase classname="login.TestLoginChrome_IT" name="testUsernameWithout_At" time="0.28"/>
</testsuite> <!-- Default test -->
