<?xml version="1.0" encoding="UTF-8"?>
<!-- Generated by org.testng.reporters.JUnitReportReporter -->
<testsuite hostname="DRUMNADROCHIT" failures="0" tests="12" name="login.TestCredentials" time="19.726" errors="0" timestamp="2021-02-23T15:42:09 CET" skipped="0">
  <testcase classname="login.TestCredentials" name="testUsernameWithout_At" time="0.823"/>
  <system-out>
Message: Please include an '@' in the email address. 'mickey.mouse' is missing an '@'.  </system-out>
  <testcase classname="login.TestCredentials" name="testCorrectUsername" time="1.173"/>
  <system-out>
Message:   </system-out>
  <testcase classname="login.TestCredentials" name="testWrongLogin" time="5.920"/>
  <system-out>
Message: Credentials are not valid  </system-out>
  <testcase classname="login.TestCredentials" name="testCorrectUsername" time="1.178"/>
  <system-out>
Message:   </system-out>
  <testcase classname="login.TestCredentials" name="testUsernameWithMissingDomain" time="0.769"/>
  <system-out>
Message: Inserisci una parte dopo "@". Il valore "mickey.mouse@" è incompleto.  </system-out>
  <testcase classname="login.TestCredentials" name="testUsernameWithout_At" time="0.808"/>
  <system-out>
Message: Aggiungi un simbolo "@" nell'indirizzo email. In "mickey.mouse" manca un simbolo "@".  </system-out>
  <testcase classname="login.TestCredentials" name="testEmptyUsername" time="0.549"/>
  <system-out>
Message: Please fill in this field.  </system-out>
  <testcase classname="login.TestCredentials" name="testUsernameWithMissingDomain" time="0.735"/>
  <system-out>
Message: Please enter a part following '@'. 'mickey.mouse@' is incomplete.  </system-out>
  <testcase classname="login.TestCredentials" name="testEmptyUsername" time="0.553"/>
  <system-out>
Message: Compila questo campo.  </system-out>
  <testcase classname="login.TestCredentials" name="testEmptyPassword" time="0.635"/>
  <system-out>
Message: Please fill in this field.  </system-out>
  <testcase classname="login.TestCredentials" name="testEmptyPassword" time="0.636"/>
  <system-out>
Message: Compila questo campo.  </system-out>
  <testcase classname="login.TestCredentials" name="testWrongLogin" time="5.947"/>
  <system-out>
Message: Credentials are not valid  </system-out>
</testsuite> <!-- login.TestCredentials -->
