<?xml version="1.0" encoding="UTF-8"?>
<!-- Generated by org.testng.reporters.JUnitReportReporter -->
<testsuite hostname="DRUMNADROCHIT" failures="0" tests="4" name="login.TestLoginChrome_IT" time="1.658" errors="0" timestamp="2021-02-22T22:41:32 CET" skipped="0">
  <testcase classname="login.TestLoginChrome_IT" name="testEmptyPassword" time="0.476"/>
  <system-out>
Message: Compila questo campo.  </system-out>
  <testcase classname="login.TestLoginChrome_IT" name="testUsernameWithMissingDomain" time="0.448"/>
  <system-out>
Message: Inserisci una parte dopo "@". Il valore "mickey.mouse@" è incompleto.  </system-out>
  <testcase classname="login.TestLoginChrome_IT" name="testUsernameWithout_At" time="0.388"/>
  <system-out>
Message: Aggiungi un simbolo "@" nell'indirizzo email. In "mickey.mouse" manca un simbolo "@".  </system-out>
  <testcase classname="login.TestLoginChrome_IT" name="testEmptyUsername" time="0.346"/>
  <system-out>
Message: Compila questo campo.  </system-out>
</testsuite> <!-- login.TestLoginChrome_IT -->
