<?xml version="1.0" encoding="UTF-8"?>
<!-- Generated by org.testng.reporters.JUnitReportReporter -->
<testsuite hostname="DRUMNADROCHIT" failures="0" tests="5" name="login.TestLoginChromeIT" time="1.901" errors="0" timestamp="2021-02-22T22:19:08 CET" skipped="0">
  <testcase classname="login.TestLoginChromeIT" name="testCorrectUsername" time="0.670"/>
  <system-out>
Message:   </system-out>
  <testcase classname="login.TestLoginChromeIT" name="testEmptyPassword" time="0.257"/>
  <system-out>
Message: Compila questo campo.  </system-out>
  <testcase classname="login.TestLoginChromeIT" name="testUsernameWithMissingDomain" time="0.391"/>
  <system-out>
Message: Inserisci una parte dopo "@". Il valore "mickey.mouse@" è incompleto.  </system-out>
  <testcase classname="login.TestLoginChromeIT" name="testUsernameWithout_At" time="0.345"/>
  <system-out>
Message: Aggiungi un simbolo "@" nell'indirizzo email. In "mickey.mouse" manca un simbolo "@".  </system-out>
  <testcase classname="login.TestLoginChromeIT" name="testEmptyUsername" time="0.238"/>
  <system-out>
Message: Compila questo campo.  </system-out>
</testsuite> <!-- login.TestLoginChromeIT -->
